<?xml version="1.0" encoding="UTF-8"?>
<!-- Generated by org.testng.reporters.JUnitReportReporter -->
<testsuite hostname="UTKARSH-PC" failures="0" tests="5" name="runners.TicketTestRunner" time="36.271" errors="0" timestamp="2025-07-30T13:23:27 IST" skipped="0">
  <testcase classname="runners.TicketTestRunner" name="runScenario" time="12.867"/>
  <testcase classname="runners.TicketTestRunner" name="runScenario" time="5.154"/>
  <testcase classname="runners.TicketTestRunner" name="runScenario" time="5.576"/>
  <testcase classname="runners.TicketTestRunner" name="runScenario" time="5.321"/>
  <testcase classname="runners.TicketTestRunner" name="runScenario" time="7.353"/>
</testsuite> <!-- runners.TicketTestRunner -->
