<?xml version="1.0" encoding="UTF-8"?>
<!-- Generated by org.testng.reporters.JUnitReportReporter -->
<testsuite hostname="UTKARSH-PC" failures="0" tests="5" name="runners.HotelTestRunner" time="44.234" errors="0" timestamp="2025-07-30T12:47:05 IST" skipped="0">
  <testcase classname="runners.HotelTestRunner" name="runScenario" time="9.368"/>
  <testcase classname="runners.HotelTestRunner" name="runScenario" time="9.102"/>
  <testcase classname="runners.HotelTestRunner" name="runScenario" time="7.758"/>
  <testcase classname="runners.HotelTestRunner" name="runScenario" time="5.952"/>
  <testcase classname="runners.HotelTestRunner" name="runScenario" time="12.054"/>
</testsuite> <!-- runners.HotelTestRunner -->
