<?xml version="1.0" encoding="UTF-8"?>
<!-- Generated by org.testng.reporters.JUnitReportReporter -->
<testsuite hostname="DESKTOP-65LN5J6" failures="0" tests="1" name="runners.HotelTestRunner" time="5.102" errors="0" timestamp="2025-07-28T12:32:25 IST" skipped="0">
  <testcase classname="runners.HotelTestRunner" name="runScenario" time="5.102"/>
</testsuite> <!-- runners.HotelTestRunner -->
