<?xml version="1.0" encoding="UTF-8"?>
<!-- Generated by org.testng.reporters.JUnitReportReporter -->
<testsuite hostname="UTKARSH-PC" failures="0" tests="1" name="Runners.TestRunner" time="6.986" errors="0" timestamp="2025-07-28T11:57:00 IST" skipped="0">
  <testcase classname="Runners.TestRunner" name="runScenario" time="6.986"/>
</testsuite> <!-- Runners.TestRunner -->
